<?xml version="1.0" encoding="UTF-8"?>
<!-- Generated by org.testng.reporters.JUnitReportReporter -->
<testsuite skipped="0" hostname="home-PC" name="com.RideallyStageVendor.tests.NewNumbBookingTest" tests="1" failures="0" timestamp="15 Jan 2019 02:44:37 GMT" time="46.656" errors="0">
  <testcase name="testNewNumbBooking" time="46.656" classname="com.RideallyStageVendor.tests.NewNumbBookingTest"/>
</testsuite> <!-- com.RideallyStageVendor.tests.NewNumbBookingTest -->
