<?xml version="1.0" encoding="UTF-8"?>
<!-- Generated by org.testng.reporters.JUnitReportReporter -->
<testsuite skipped="0" hostname="home-PC" name="com.RideallyStageVendor.tests.NewNumbBookingTest" tests="1" failures="0" timestamp="27 Jan 2019 06:54:17 GMT" time="57.129" errors="0">
  <testcase name="testNewNumbBooking" time="57.129" classname="com.RideallyStageVendor.tests.NewNumbBookingTest"/>
</testsuite> <!-- com.RideallyStageVendor.tests.NewNumbBookingTest -->
