<?xml version="1.0" encoding="UTF-8"?>
<!-- Generated by org.testng.reporters.JUnitReportReporter -->
<testsuite skipped="0" hostname="home-PC" name="com.RideallyStageVendor.tests.AddBookingTest" tests="1" failures="0" timestamp="27 Feb 2019 04:21:46 GMT" time="65.531" errors="0">
  <testcase name="testAddBooking" time="65.531" classname="com.RideallyStageVendor.tests.AddBookingTest"/>
</testsuite> <!-- com.RideallyStageVendor.tests.AddBookingTest -->
