<?xml version="1.0" encoding="UTF-8"?>
<!-- Generated by org.testng.reporters.JUnitReportReporter -->
<testsuite skipped="0" hostname="home-PC" name="com.RideallyStageVendor.tests.ValidLoginLogoutTest" tests="1" failures="0" timestamp="01 Jan 2019 04:19:56 GMT" time="32.381" errors="0">
  <testcase name="testValidLoginLogout" time="32.381" classname="com.RideallyStageVendor.tests.ValidLoginLogoutTest"/>
</testsuite> <!-- com.RideallyStageVendor.tests.ValidLoginLogoutTest -->
