<?xml version="1.0" encoding="UTF-8"?>
<!-- Generated by org.testng.reporters.JUnitReportReporter -->
<testsuite skipped="0" hostname="home-PC" name="com.RideallyStageVendor.tests.AddBookingTest" tests="1" failures="0" timestamp="13 Jan 2019 05:27:29 GMT" time="63.076" errors="0">
  <testcase name="testAddBooking" time="63.076" classname="com.RideallyStageVendor.tests.AddBookingTest"/>
</testsuite> <!-- com.RideallyStageVendor.tests.AddBookingTest -->
