<?xml version="1.0" encoding="UTF-8"?>
<!-- Generated by org.testng.reporters.JUnitReportReporter -->
<testsuite skipped="0" hostname="home-PC" name="com.RideallyStageVendor.tests.InvalidLoginLogoutTest" tests="1" failures="0" timestamp="27 Jan 2019 15:22:58 GMT" time="38.348" errors="0">
  <testcase name="testInvalidLoginLogout" time="38.348" classname="com.RideallyStageVendor.tests.InvalidLoginLogoutTest"/>
</testsuite> <!-- com.RideallyStageVendor.tests.InvalidLoginLogoutTest -->
