<?xml version="1.0" encoding="UTF-8"?>
<!-- Generated by org.testng.reporters.JUnitReportReporter -->
<testsuite skipped="0" hostname="home-PC" name="com.RideallyStageVendor.tests.ValidLoginLogoutTest" tests="1" failures="0" timestamp="02 Jan 2019 19:38:30 GMT" time="22.496" errors="0">
  <testcase name="testValidLoginLogout" time="22.496" classname="com.RideallyStageVendor.tests.ValidLoginLogoutTest"/>
</testsuite> <!-- com.RideallyStageVendor.tests.ValidLoginLogoutTest -->
