<?xml version="1.0" encoding="UTF-8"?>
<!-- Generated by org.testng.reporters.JUnitReportReporter -->
<testsuite skipped="0" hostname="home-PC" name="com.RideallyStageVendor.tests.InvalidLoginLogoutTest" tests="1" failures="0" timestamp="04 Jan 2019 04:24:54 GMT" time="24.231" errors="0">
  <testcase name="testInvalidLoginLogout" time="24.231" classname="com.RideallyStageVendor.tests.InvalidLoginLogoutTest"/>
</testsuite> <!-- com.RideallyStageVendor.tests.InvalidLoginLogoutTest -->
