<?xml version="1.0" encoding="UTF-8"?>
<!-- Generated by org.testng.reporters.JUnitReportReporter -->
<testsuite skipped="0" hostname="home-PC" name="com.RideallyStageVendor.tests.ValidLoginLogoutTest" tests="1" failures="0" timestamp="06 Jan 2019 10:11:31 GMT" time="22.181" errors="0">
  <testcase name="testValidLoginLogout" time="22.181" classname="com.RideallyStageVendor.tests.ValidLoginLogoutTest"/>
</testsuite> <!-- com.RideallyStageVendor.tests.ValidLoginLogoutTest -->
